<?xml version="1.0" encoding="UTF-8"?>
<!-- Generated by org.testng.reporters.JUnitReportReporter -->
<testsuite hostname="DESKTOP-33C2FHH" failures="0" tests="1" name="tests.PlaceOrderTest" time="16.479" errors="0" timestamp="2025-06-02T09:22:38 IST" skipped="0">
  <testcase classname="tests.PlaceOrderTest" name="testPlaceOrder" time="16.479"/>
</testsuite> <!-- tests.PlaceOrderTest -->
