<?xml version="1.0" encoding="UTF-8"?>
<!-- Generated by org.testng.reporters.JUnitReportReporter -->
<testsuite hostname="ROHAN" failures="0" tests="1" name="tests.PlaceOrderTest" time="19.235" errors="0" timestamp="2025-05-31T17:32:48 IST" skipped="0">
  <testcase classname="tests.PlaceOrderTest" name="testPlaceOrder" time="19.235"/>
</testsuite> <!-- tests.PlaceOrderTest -->
